  [1m[35m (12.3ms)[0m  [1m[35mCREATE TABLE "schema_migrations" ("version" character varying NOT NULL PRIMARY KEY)[0m
  [1m[35m (9.5ms)[0m  [1m[35mCREATE TABLE "ar_internal_metadata" ("key" character varying NOT NULL PRIMARY KEY, "value" character varying, "created_at" timestamp NOT NULL, "updated_at" timestamp NOT NULL)[0m
  [1m[35m (0.4ms)[0m  [1m[34mSELECT pg_try_advisory_lock(4665045258403983075)[0m
  [1m[35m (0.9ms)[0m  [1m[34mSELECT "schema_migrations"."version" FROM "schema_migrations" ORDER BY "schema_migrations"."version" ASC[0m
Migrating to AddPeople (20190920075208)
  [1m[35m (0.2ms)[0m  [1m[35mBEGIN[0m
  [1m[35m (8.4ms)[0m  [1m[35mCREATE TABLE "people" ("id" bigserial primary key, "name" character varying, "house_id" integer, "created_at" timestamp NOT NULL, "updated_at" timestamp NOT NULL)[0m
  [1m[35mSQL (0.3ms)[0m  [1m[32mINSERT INTO "schema_migrations" ("version") VALUES ($1) RETURNING "version"[0m  [["version", "20190920075208"]]
  [1m[35m (1.3ms)[0m  [1m[35mCOMMIT[0m
Migrating to AddHouses (20190920075214)
  [1m[35m (0.1ms)[0m  [1m[35mBEGIN[0m
  [1m[35m (5.5ms)[0m  [1m[35mCREATE TABLE "houses" ("id" bigserial primary key, "address" text, "created_at" timestamp NOT NULL, "updated_at" timestamp NOT NULL)[0m
  [1m[35mSQL (0.2ms)[0m  [1m[32mINSERT INTO "schema_migrations" ("version") VALUES ($1) RETURNING "version"[0m  [["version", "20190920075214"]]
  [1m[35m (1.2ms)[0m  [1m[35mCOMMIT[0m
  [1m[36mActiveRecord::InternalMetadata Load (0.3ms)[0m  [1m[34mSELECT  "ar_internal_metadata".* FROM "ar_internal_metadata" WHERE "ar_internal_metadata"."key" = $1 LIMIT $2[0m  [["key", "environment"], ["LIMIT", 1]]
  [1m[35m (0.1ms)[0m  [1m[35mBEGIN[0m
  [1m[35mSQL (0.4ms)[0m  [1m[32mINSERT INTO "ar_internal_metadata" ("key", "value", "created_at", "updated_at") VALUES ($1, $2, $3, $4) RETURNING "key"[0m  [["key", "environment"], ["value", "development"], ["created_at", "2019-09-20 07:56:52.947990"], ["updated_at", "2019-09-20 07:56:52.947990"]]
  [1m[35m (1.0ms)[0m  [1m[35mCOMMIT[0m
  [1m[35m (0.2ms)[0m  [1m[34mSELECT pg_advisory_unlock(4665045258403983075)[0m
  [1m[35m (0.3ms)[0m  [1m[34mSELECT "schema_migrations"."version" FROM "schema_migrations" ORDER BY "schema_migrations"."version" ASC[0m
  [1m[35m (0.3ms)[0m  [1m[35mBEGIN[0m
  [1m[35mSQL (0.5ms)[0m  [1m[32mINSERT INTO "houses" ("address", "created_at", "updated_at") VALUES ($1, $2, $3) RETURNING "id"[0m  [["address", "308 Negra Arroyo Lane"], ["created_at", "2019-09-20 08:07:37.955717"], ["updated_at", "2019-09-20 08:07:37.955717"]]
  [1m[35m (3.2ms)[0m  [1m[35mCOMMIT[0m
  [1m[35m (0.4ms)[0m  [1m[35mBEGIN[0m
  [1m[35m (0.2ms)[0m  [1m[31mROLLBACK[0m
  [1m[35m (0.3ms)[0m  [1m[34mSELECT pg_try_advisory_lock(4665045258403983075)[0m
  [1m[35m (0.4ms)[0m  [1m[34mSELECT "schema_migrations"."version" FROM "schema_migrations" ORDER BY "schema_migrations"."version" ASC[0m
Migrating to AddPeople (20190920080951)
  [1m[35m (0.1ms)[0m  [1m[35mBEGIN[0m
  [1m[35m (1.3ms)[0m  [1m[35mCREATE TABLE "people" ("id" bigserial primary key, "name" character varying, "house_id" integer, "created_at" timestamp NOT NULL, "updated_at" timestamp NOT NULL)[0m
  [1m[35m (0.2ms)[0m  [1m[31mROLLBACK[0m
  [1m[35m (0.4ms)[0m  [1m[34mSELECT pg_advisory_unlock(4665045258403983075)[0m
  [1m[35m (0.1ms)[0m  [1m[34mSELECT pg_try_advisory_lock(4665045258403983075)[0m
  [1m[35m (0.4ms)[0m  [1m[34mSELECT "schema_migrations"."version" FROM "schema_migrations" ORDER BY "schema_migrations"."version" ASC[0m
Migrating to AddPeople (20190920080951)
  [1m[35m (0.1ms)[0m  [1m[35mBEGIN[0m
  [1m[35m (1.3ms)[0m  [1m[35mCREATE TABLE "people" ("id" bigserial primary key, "name" character varying, "house_id" integer, "created_at" timestamp NOT NULL, "updated_at" timestamp NOT NULL)[0m
  [1m[35m (0.1ms)[0m  [1m[31mROLLBACK[0m
  [1m[35m (0.2ms)[0m  [1m[34mSELECT pg_advisory_unlock(4665045258403983075)[0m
  [1m[35m (5.1ms)[0m  [1m[35mDROP TABLE "people"[0m
  [1m[35m (6.3ms)[0m  [1m[35mDROP TABLE "houses"[0m
  [1m[35m (0.2ms)[0m  [1m[34mSELECT pg_try_advisory_lock(4665045258403983075)[0m
  [1m[35m (0.4ms)[0m  [1m[34mSELECT "schema_migrations"."version" FROM "schema_migrations" ORDER BY "schema_migrations"."version" ASC[0m
Migrating to AddPeople (20190920080951)
  [1m[35m (0.1ms)[0m  [1m[35mBEGIN[0m
  [1m[35m (8.4ms)[0m  [1m[35mCREATE TABLE "people" ("id" bigserial primary key, "name" character varying, "house_id" integer, "created_at" timestamp NOT NULL, "updated_at" timestamp NOT NULL)[0m
  [1m[35m (2.3ms)[0m  [1m[35mCREATE  INDEX  "index_people_on_house_id" ON "people"  ("house_id")[0m
  [1m[35mSQL (0.3ms)[0m  [1m[32mINSERT INTO "schema_migrations" ("version") VALUES ($1) RETURNING "version"[0m  [["version", "20190920080951"]]
  [1m[35m (1.3ms)[0m  [1m[35mCOMMIT[0m
Migrating to AddHouses (20190920081111)
  [1m[35m (0.1ms)[0m  [1m[35mBEGIN[0m
  [1m[35m (5.4ms)[0m  [1m[35mCREATE TABLE "houses" ("id" bigserial primary key, "address" text, "created_at" timestamp NOT NULL, "updated_at" timestamp NOT NULL)[0m
  [1m[35mSQL (0.2ms)[0m  [1m[32mINSERT INTO "schema_migrations" ("version") VALUES ($1) RETURNING "version"[0m  [["version", "20190920081111"]]
  [1m[35m (1.1ms)[0m  [1m[35mCOMMIT[0m
  [1m[36mActiveRecord::InternalMetadata Load (0.2ms)[0m  [1m[34mSELECT  "ar_internal_metadata".* FROM "ar_internal_metadata" WHERE "ar_internal_metadata"."key" = $1 LIMIT $2[0m  [["key", "environment"], ["LIMIT", 1]]
  [1m[35m (0.1ms)[0m  [1m[35mBEGIN[0m
  [1m[35m (0.1ms)[0m  [1m[35mCOMMIT[0m
  [1m[35m (0.2ms)[0m  [1m[34mSELECT pg_advisory_unlock(4665045258403983075)[0m
  [1m[35m (0.3ms)[0m  [1m[34mSELECT "schema_migrations"."version" FROM "schema_migrations" ORDER BY "schema_migrations"."version" ASC[0m
  [1m[35m (0.2ms)[0m  [1m[35mBEGIN[0m
  [1m[35mSQL (0.5ms)[0m  [1m[32mINSERT INTO "houses" ("address", "created_at", "updated_at") VALUES ($1, $2, $3) RETURNING "id"[0m  [["address", "308 Negra Arroyo Lane"], ["created_at", "2019-09-20 08:15:20.378183"], ["updated_at", "2019-09-20 08:15:20.378183"]]
  [1m[35m (3.2ms)[0m  [1m[35mCOMMIT[0m
  [1m[35m (0.2ms)[0m  [1m[35mBEGIN[0m
  [1m[35m (0.2ms)[0m  [1m[31mROLLBACK[0m
  [1m[35m (0.1ms)[0m  [1m[35mBEGIN[0m
  [1m[35m (0.1ms)[0m  [1m[31mROLLBACK[0m
  [1m[35m (0.2ms)[0m  [1m[35mBEGIN[0m
  [1m[36mHouse Load (0.2ms)[0m  [1m[34mSELECT  "houses".* FROM "houses" WHERE "houses"."id" = $1 LIMIT $2[0m  [["id", 1], ["LIMIT", 1]]
  [1m[35mSQL (0.5ms)[0m  [1m[32mINSERT INTO "people" ("name", "house_id", "created_at", "updated_at") VALUES ($1, $2, $3, $4) RETURNING "id"[0m  [["name", "Walter White"], ["house_id", 1], ["created_at", "2019-09-20 08:16:11.114536"], ["updated_at", "2019-09-20 08:16:11.114536"]]
  [1m[35m (5.6ms)[0m  [1m[35mCOMMIT[0m
